\BOOKMARK [0][-]{chapter*.1}{ACKNOWLEDGMENTS}{}% 1
\BOOKMARK [0][-]{tableofcontents.0}{TABLE\040OF\040CONTENTS}{}% 2
\BOOKMARK [0][-]{chapter*.3}{LIST\040OF\040TABLES}{}% 3
\BOOKMARK [0][-]{chapter*.4}{LIST\040OF\040FIGURES}{}% 4
\BOOKMARK [0][-]{section*.5}{ABSTRACT}{}% 5
\BOOKMARK [0][-]{chapter.1}{1\040INTRODUCTION\040and\040opening\040remarks}{}% 6
\BOOKMARK [1][-]{section.1.1}{1.1\040The\040Section\040Command\040Text\040Should\040Be\040in\040Title\040Case}{chapter.1}% 7
\BOOKMARK [2][-]{subsection.1.1.1}{1.1.1\040Subsection\040Commands\040Are\040Also\040in\040Title\040Case}{section.1.1}% 8
\BOOKMARK [3][-]{subsubsection.1.1.1.1}{1.1.1.1\040Subsubsections\040are\040in\040sentence\040case}{subsection.1.1.1}% 9
\BOOKMARK [3][-]{subsubsection.1.1.1.2}{1.1.1.2\040If\040you\040divide\040a\040section,\040you\040must\040divide\040it\040into\040two,\040or\040more,\040parts}{subsection.1.1.1}% 10
\BOOKMARK [2][-]{subsection.1.1.2}{1.1.2\040I\040Need\040Another\040Second\040Level\040Heading\040in\040This\040Section}{section.1.1}% 11
\BOOKMARK [1][-]{section.1.2}{1.2\040Image\040Handling\040in\040XeLaTeX}{chapter.1}% 12
\BOOKMARK [2][-]{subsection.1.2.1}{1.2.1\040The\040Traditional\040EPS\040Format}{section.1.2}% 13
\BOOKMARK [2][-]{subsection.1.2.2}{1.2.2\040Bitmapped\040Images\040Work\040As\040Well}{section.1.2}% 14
\BOOKMARK [2][-]{subsection.1.2.3}{1.2.3\040Not\040to\040Mention\040PDF}{section.1.2}% 15
\BOOKMARK [2][-]{subsection.1.2.4}{1.2.4\040JPG\040Is\040Absolutely\040Necessary}{section.1.2}% 16
\BOOKMARK [2][-]{subsection.1.2.5}{1.2.5\040PNGs\040Will\040Help\040Make\040Files\040Smaller}{section.1.2}% 17
\BOOKMARK [1][-]{section.1.3}{1.3\040GIF,\040TIF,\040and\040Others}{chapter.1}% 18
\BOOKMARK [0][-]{chapter.2}{2\040LITERATURE\040REVIEW}{}% 19
\BOOKMARK [1][-]{section.2.1}{2.1\040Dolor\040Sit\040Amet}{chapter.2}% 20
\BOOKMARK [2][-]{subsection.2.1.1}{2.1.1\040Platea\040Dictumst}{section.2.1}% 21
\BOOKMARK [2][-]{subsection.2.1.2}{2.1.2\040Long\040\(and/or\040Wide\)\040Tables}{section.2.1}% 22
\BOOKMARK [1][-]{section.2.2}{2.2\040Ex\040id\040ullamcorper\040commodo}{chapter.2}% 23
\BOOKMARK [0][-]{chapter.3}{3\040MATERIALS\040ANS\040METHODS}{}% 24
\BOOKMARK [1][-]{section.3.1}{3.1\040Consectetur\040Adipiscing\040Elit}{chapter.3}% 25
\BOOKMARK [2][-]{subsection.3.1.1}{3.1.1\040This\040Is\040an\040Isolated\040Heading}{section.3.1}% 26
\BOOKMARK [1][-]{section.3.2}{3.2\040Augue\040sapien\040mattis\040leo}{chapter.3}% 27
\BOOKMARK [0][-]{chapter.4}{4\040RESULTS}{}% 28
\BOOKMARK [1][-]{section.4.1}{4.1\040Fusce\040Eget\040Tempus\040Lectus,\040}{chapter.4}% 29
\BOOKMARK [0][-]{chapter.5}{5\040SUMMARY\040AND\040CONCLUSIONS}{}% 30
\BOOKMARK [1][-]{section.5.1}{5.1\040Non\040Porttitor\040Tellus}{chapter.5}% 31
\BOOKMARK [2][-]{subsection.5.1.1}{5.1.1\040Nam\040Arcu\040Magna}{section.5.1}% 32
\BOOKMARK [3][-]{subsubsection.5.1.1.1}{5.1.1.1\040Ut\040pellentesque\040velit\040sede}{subsection.5.1.1}% 33
\BOOKMARK [0][-]{appendix.A}{A\040THIS\040IS\040THE\040FIRST\040APPENDIX}{}% 34
\BOOKMARK [0][-]{appendix.B}{B\040AN\040EXAMPLE\040OF\040A\040HALF\040TITLE\040PAGE}{}% 35
\BOOKMARK [0][-]{appendix.C}{C\040DERIVATION\040OF\040THE\040\040FUNCTION}{}% 36
\BOOKMARK [0][-]{appendix.D}{D\040DERIVATION\040OF\040THE\040\040FUNCTION}{}% 37
\BOOKMARK [0][-]{appendix*.6}{REFERENCES}{}% 38
\BOOKMARK [0][-]{appendix*.7}{BIOGRAPHICAL\040SKETCH}{}% 39
